{
  "stats": {
    "suites": 1,
    "tests": 1,
    "passes": 1,
    "pending": 0,
    "failures": 0,
    "start": "2024-04-08T08:04:28.448Z",
    "end": "2024-04-08T08:04:28.485Z",
    "duration": 37,
    "testsRegistered": 1,
    "passPercent": 100,
    "pendingPercent": 0,
    "other": 0,
    "hasOther": false,
    "skipped": 0,
    "hasSkipped": false
  },
  "results": [
    {
      "uuid": "d911033c-61d0-4fcd-8619-f1cbd6d4310a",
      "title": "",
      "fullFile": "cypress/e2e/meta/authors.cy.js",
      "file": "cypress/e2e/meta/authors.cy.js",
      "beforeHooks": [],
      "afterHooks": [],
      "tests": [],
      "suites": [
        {
          "uuid": "738573a7-5965-4915-8881-dc72579c1986",
          "title": "Meta",
          "fullFile": "",
          "file": "",
          "beforeHooks": [],
          "afterHooks": [],
          "tests": [
            {
              "title": "Remplisser les infos de votre groupe dans frontend/meta/authors.js",
              "fullTitle": "Meta Remplisser les infos de votre groupe dans frontend/meta/authors.js",
              "timedOut": null,
              "duration": 23,
              "state": "passed",
              "speed": "fast",
              "pass": true,
              "fail": false,
              "pending": false,
              "context": null,
              "code": "expect(_authors.authors).to.not.deep.eq([\"John Doe (p12345678)\", \"Jane Doe (p12345678)\"]);\nexpect(_authors.group).to.oneOf([1, 2, 3]);",
              "err": {},
              "uuid": "94d707b7-1d2c-48d6-8a44-9eaf3d97430c",
              "parentUUID": "738573a7-5965-4915-8881-dc72579c1986",
              "isHook": false,
              "skipped": false
            }
          ],
          "suites": [],
          "passes": [
            "94d707b7-1d2c-48d6-8a44-9eaf3d97430c"
          ],
          "failures": [],
          "pending": [],
          "skipped": [],
          "duration": 23,
          "root": false,
          "rootEmpty": false,
          "_timeout": 2000
        }
      ],
      "passes": [],
      "failures": [],
      "pending": [],
      "skipped": [],
      "duration": 0,
      "root": true,
      "rootEmpty": true,
      "_timeout": 2000
    }
  ],
  "meta": {
    "mocha": {
      "version": "7.0.1"
    },
    "mochawesome": {
      "options": {
        "quiet": false,
        "reportFilename": "mochawesome",
        "saveHtml": false,
        "saveJson": true,
        "consoleReporter": "spec",
        "useInlineDiffs": false,
        "code": true
      },
      "version": "7.1.3"
    },
    "marge": {
      "options": {
        "reportDir": "cypress/results",
        "overwrite": false,
        "html": false,
        "json": true
      },
      "version": "6.2.0"
    }
  }
}